<?xml version="1.0" encoding="UTF-8"?>
<robot generator="Robot 4.1.2 (Python 3.9.4 on win32)" generated="20211223 15:10:46.385" rpa="false" schemaversion="2">
<suite id="s1" name="Tests" source="F:\Projects\rf_DataDriven\tests">
<suite id="s1-s1" name="userLogin" source="F:\Projects\rf_DataDriven\tests\userLogin">
<suite id="s1-s1-s1" name="loginTest" source="F:\Projects\rf_DataDriven\tests\userLogin\loginTest.robot">
<kw name="Set Variables" library="propertyFile" type="SETUP">
<kw name="Set Selenium Timeout" library="SeleniumLibrary">
<arg>${DEF_WAIT}</arg>
<doc>Sets the timeout that is used by various keywords.</doc>
<status status="PASS" starttime="20211223 15:10:46.930" endtime="20211223 15:10:46.930"/>
</kw>
<kw name="Read Exl Data" library="utilityScripts">
<var>${sheet}</var>
<arg>${data_file}</arg>
<arg>${data_sheet}</arg>
<msg timestamp="20211223 15:10:46.936" level="INFO">${sheet} = &lt;Worksheet "loginTest"&gt;</msg>
<status status="PASS" starttime="20211223 15:10:46.930" endtime="20211223 15:10:46.936"/>
</kw>
<kw name="Set Suite Variable" library="BuiltIn">
<arg>${sheet}</arg>
<doc>Makes a variable available everywhere within the scope of the current suite.</doc>
<msg timestamp="20211223 15:10:46.936" level="INFO">${sheet} = &lt;Worksheet "loginTest"&gt;</msg>
<status status="PASS" starttime="20211223 15:10:46.936" endtime="20211223 15:10:46.936"/>
</kw>
<status status="PASS" starttime="20211223 15:10:46.929" endtime="20211223 15:10:46.937"/>
</kw>
<test id="s1-s1-s1-t1" name="Verify If Browser Is Launched">
<kw name="Launch Browser" library="propertyFile">
<arg>browser=${BROWSER}</arg>
<kw name="Set Browser Driver Path" library="propertyFile">
<kw name="Get Chromedriver Path" library="utilityScripts">
<var>${driverPath}</var>
<msg timestamp="20211223 15:10:46.940" level="INFO">
</msg>
<msg timestamp="20211223 15:10:46.940" level="INFO">====== WebDriver manager ======</msg>
<msg timestamp="20211223 15:10:46.970" level="INFO">Current google-chrome version is 96.0.4664</msg>
<msg timestamp="20211223 15:10:46.970" level="INFO">Get LATEST chromedriver version for 96.0.4664 google-chrome</msg>
<msg timestamp="20211223 15:10:47.061" level="INFO">Driver [C:\Users\ram\.wdm\drivers\chromedriver\win32\96.0.4664.45\chromedriver.exe] found in cache</msg>
<msg timestamp="20211223 15:10:47.062" level="INFO">====== WebDriver manager ======
Current google-chrome version is 96.0.4664
Get LATEST chromedriver version for 96.0.4664 google-chrome
Driver [C:\Users\ram\.wdm\drivers\chromedriver\win32\96.0.4664.45\chromedriver.exe] found in cache</msg>
<msg timestamp="20211223 15:10:47.063" level="INFO">${driverPath} = C:\Users\ram\.wdm\drivers\chromedriver\win32\96.0.4664.45\chromedriver.exe</msg>
<status status="PASS" starttime="20211223 15:10:46.940" endtime="20211223 15:10:47.063"/>
</kw>
<kw name="Copy File" library="OperatingSystem">
<arg>${driverPath}</arg>
<arg>${EXECDIR}\\drivers</arg>
<doc>Copies the source file into the destination.</doc>
<msg timestamp="20211223 15:10:47.082" level="INFO" html="true">Copied file from '&lt;a href="file://C:\Users\ram\.wdm\drivers\chromedriver\win32\96.0.4664.45\chromedriver.exe"&gt;C:\Users\ram\.wdm\drivers\chromedriver\win32\96.0.4664.45\chromedriver.exe&lt;/a&gt;' to '&lt;a href="file://F:\Projects\rf_DataDriven\drivers\chromedriver.exe"&gt;F:\Projects\rf_DataDriven\drivers\chromedriver.exe&lt;/a&gt;'.</msg>
<status status="PASS" starttime="20211223 15:10:47.063" endtime="20211223 15:10:47.082"/>
</kw>
<kw name="Append To Environment Variable" library="OperatingSystem">
<arg>Path</arg>
<arg>${EXECDIR}\\drivers</arg>
<doc>Appends given ``values`` to environment variable ``name``.</doc>
<msg timestamp="20211223 15:10:47.083" level="INFO">Environment variable 'Path' set to value 'C:\Program Files\Common Files\Oracle\Java\javapath;D:\Softwares\VMwareWorkStation\bin\;C:\Program Files\Java\jdk1.8.0_181\bin;C:\Program Files (x86)\Common Files\Oracle\Java\javapath;C:\WINDOWS\system32;C:\WINDOWS;C:\WINDOWS\System32\Wbem;C:\WINDOWS\System32\WindowsPowerShell\v1.0\;C:\WINDOWS\System32\OpenSSH\;C:\Program Files\Git\cmd;D:\Go\bin;C:\Program Files\nodejs\;C:\Program Files (x86)\PuTTY\;C:\Users\ram\AppData\Local\Programs\Python\Python39\Scripts\;C:\Users\ram\AppData\Local\Programs\Python\Python39\;C:\Program Files\MySQL\MySQL Shell 8.0\bin\;C:\Users\ram\AppData\Local\Microsoft\WindowsApps;C:\Users\ram\AppData\Local\Programs\Microsoft VS Code\bin;C:\Users\ram\go\bin;C:\Program Files\Salesforce CLI\bin;C:\Users\ram\AppData\Roaming\npm;;F:\Projects\rf_DataDriven\drivers'.</msg>
<status status="PASS" starttime="20211223 15:10:47.082" endtime="20211223 15:10:47.083"/>
</kw>
<kw name="Get Environment Variable" library="OperatingSystem">
<var>${a}</var>
<arg>Path</arg>
<doc>Returns the value of an environment variable with the given name.</doc>
<msg timestamp="20211223 15:10:47.083" level="INFO">${a} = C:\Program Files\Common Files\Oracle\Java\javapath;D:\Softwares\VMwareWorkStation\bin\;C:\Program Files\Java\jdk1.8.0_181\bin;C:\Program Files (x86)\Common Files\Oracle\Java\javapath;C:\WINDOWS\system...</msg>
<status status="PASS" starttime="20211223 15:10:47.083" endtime="20211223 15:10:47.083"/>
</kw>
<kw name="Log Many" library="BuiltIn">
<arg>${a}</arg>
<doc>Logs the given messages as separate entries using the INFO level.</doc>
<msg timestamp="20211223 15:10:47.083" level="INFO">C:\Program Files\Common Files\Oracle\Java\javapath;D:\Softwares\VMwareWorkStation\bin\;C:\Program Files\Java\jdk1.8.0_181\bin;C:\Program Files (x86)\Common Files\Oracle\Java\javapath;C:\WINDOWS\system32;C:\WINDOWS;C:\WINDOWS\System32\Wbem;C:\WINDOWS\System32\WindowsPowerShell\v1.0\;C:\WINDOWS\System32\OpenSSH\;C:\Program Files\Git\cmd;D:\Go\bin;C:\Program Files\nodejs\;C:\Program Files (x86)\PuTTY\;C:\Users\ram\AppData\Local\Programs\Python\Python39\Scripts\;C:\Users\ram\AppData\Local\Programs\Python\Python39\;C:\Program Files\MySQL\MySQL Shell 8.0\bin\;C:\Users\ram\AppData\Local\Microsoft\WindowsApps;C:\Users\ram\AppData\Local\Programs\Microsoft VS Code\bin;C:\Users\ram\go\bin;C:\Program Files\Salesforce CLI\bin;C:\Users\ram\AppData\Roaming\npm;;F:\Projects\rf_DataDriven\drivers</msg>
<status status="PASS" starttime="20211223 15:10:47.083" endtime="20211223 15:10:47.083"/>
</kw>
<status status="PASS" starttime="20211223 15:10:46.939" endtime="20211223 15:10:47.084"/>
</kw>
<kw name="Open Browser" library="SeleniumLibrary">
<arg>url=${url}</arg>
<arg>browser=${browser}</arg>
<doc>Opens a new browser instance to the optional ``url``.</doc>
<msg timestamp="20211223 15:10:47.084" level="INFO">Opening browser 'chrome' to base url 'http://demo.guru99.com/test/newtours/'.</msg>
<status status="PASS" starttime="20211223 15:10:47.084" endtime="20211223 15:10:52.378"/>
</kw>
<kw name="Maximize Browser Window" library="SeleniumLibrary">
<doc>Maximizes current browser window.</doc>
<status status="PASS" starttime="20211223 15:10:52.378" endtime="20211223 15:10:52.500"/>
</kw>
<status status="PASS" starttime="20211223 15:10:46.938" endtime="20211223 15:10:52.500"/>
</kw>
<kw name="Get Test Case Details From Excel" library="propertyFile">
<var>${uname}</var>
<var>${pwd}</var>
<kw name="Get Exl Row Count" library="utilityScripts">
<var>${row_count}</var>
<arg>${sheet}</arg>
<msg timestamp="20211223 15:10:52.502" level="INFO">${row_count} = 3</msg>
<status status="PASS" starttime="20211223 15:10:52.501" endtime="20211223 15:10:52.502"/>
</kw>
<kw name="Evaluate" library="BuiltIn">
<var>${row_count}</var>
<arg>${row_count} + 1</arg>
<doc>Evaluates the given expression in Python and returns the result.</doc>
<msg timestamp="20211223 15:10:52.502" level="INFO">${row_count} = 4</msg>
<status status="PASS" starttime="20211223 15:10:52.502" endtime="20211223 15:10:52.502"/>
</kw>
<for flavor="IN RANGE">
<var>${row}</var>
<value>2</value>
<value>${row_count}</value>
<iter>
<var name="${row}">2</var>
<kw name="Get Row Val" library="utilityScripts">
<var>${result}</var>
<arg>${sheet}</arg>
<arg>${row}</arg>
<msg timestamp="20211223 15:10:52.503" level="INFO">TC1
jojo
bean
Login Success
None</msg>
<msg timestamp="20211223 15:10:52.504" level="INFO">${result} = {'TC_Name': 'TC1', 'username': 'jojo', 'password': 'bean', 'Validation_Message': 'Login Success', 'order_number': None}</msg>
<status status="PASS" starttime="20211223 15:10:52.503" endtime="20211223 15:10:52.504"/>
</kw>
<kw name="Get From Dictionary" library="Collections">
<var>${testCase}</var>
<arg>${result}</arg>
<arg>TC_Name</arg>
<doc>Returns a value from the given ``dictionary`` based on the given ``key``.</doc>
<msg timestamp="20211223 15:10:52.504" level="INFO">${testCase} = TC1</msg>
<status status="PASS" starttime="20211223 15:10:52.504" endtime="20211223 15:10:52.504"/>
</kw>
<kw name="Get From Dictionary" library="Collections">
<var>${userName}</var>
<arg>${result}</arg>
<arg>username</arg>
<doc>Returns a value from the given ``dictionary`` based on the given ``key``.</doc>
<msg timestamp="20211223 15:10:52.505" level="INFO">${userName} = jojo</msg>
<status status="PASS" starttime="20211223 15:10:52.505" endtime="20211223 15:10:52.505"/>
</kw>
<kw name="Get From Dictionary" library="Collections">
<var>${password}</var>
<arg>${result}</arg>
<arg>password</arg>
<doc>Returns a value from the given ``dictionary`` based on the given ``key``.</doc>
<msg timestamp="20211223 15:10:52.505" level="INFO">${password} = bean</msg>
<status status="PASS" starttime="20211223 15:10:52.505" endtime="20211223 15:10:52.505"/>
</kw>
<kw name="Exit For Loop If" library="BuiltIn">
<arg>'${testCase}'=='${testName}'</arg>
<doc>Stops executing the enclosing for loop if the ``condition`` is true.</doc>
<msg timestamp="20211223 15:10:52.506" level="INFO">Exiting for loop altogether.</msg>
<status status="PASS" starttime="20211223 15:10:52.505" endtime="20211223 15:10:52.506"/>
</kw>
<status status="PASS" starttime="20211223 15:10:52.502" endtime="20211223 15:10:52.506"/>
</iter>
<status status="PASS" starttime="20211223 15:10:52.502" endtime="20211223 15:10:52.506"/>
</for>
<msg timestamp="20211223 15:10:52.506" level="INFO">${uname} = jojo</msg>
<msg timestamp="20211223 15:10:52.506" level="INFO">${pwd} = bean</msg>
<status status="PASS" starttime="20211223 15:10:52.501" endtime="20211223 15:10:52.506"/>
</kw>
<kw name="Login To Application" library="login_page">
<arg>${uname}</arg>
<arg>${pwd}</arg>
<kw name="Wait Until Location Contains" library="SeleniumLibrary">
<arg>newtours</arg>
<arg>${MED_WAIT}</arg>
<doc>Waits until the current URL contains ``expected``.</doc>
<status status="PASS" starttime="20211223 15:10:52.507" endtime="20211223 15:10:52.513"/>
</kw>
<kw name="Enter Text In A Field" library="common_imports">
<arg>${lpLocator.inputField}</arg>
<arg>User Name:</arg>
<arg>${userName}</arg>
<kw name="Replace String" library="String">
<var>${locator}</var>
<arg>${locator}</arg>
<arg>LABLE-NAME</arg>
<arg>${fieldName}</arg>
<doc>Replaces ``search_for`` in the given ``string`` with ``replace_with``.</doc>
<msg timestamp="20211223 15:10:52.514" level="INFO">${locator} = //font[contains(normalize-space(),'User Name:')]//following::input[1]</msg>
<status status="PASS" starttime="20211223 15:10:52.514" endtime="20211223 15:10:52.514"/>
</kw>
<kw name="Wait Until Element Is Visible" library="SeleniumLibrary">
<arg>${locator}</arg>
<arg>${MED_WAIT}</arg>
<doc>Waits until the element ``locator`` is visible.</doc>
<status status="PASS" starttime="20211223 15:10:52.514" endtime="20211223 15:10:52.537"/>
</kw>
<kw name="Input Text" library="SeleniumLibrary">
<arg>${locator}</arg>
<arg>${inputText}</arg>
<doc>Types the given ``text`` into the text field identified by ``locator``.</doc>
<msg timestamp="20211223 15:10:52.538" level="INFO">Typing text 'jojo' into text field '//font[contains(normalize-space(),'User Name:')]//following::input[1]'.</msg>
<status status="PASS" starttime="20211223 15:10:52.538" endtime="20211223 15:10:52.631"/>
</kw>
<status status="PASS" starttime="20211223 15:10:52.513" endtime="20211223 15:10:52.631"/>
</kw>
<kw name="Enter Text In A Field" library="common_imports">
<arg>${lpLocator.inputField}</arg>
<arg>Password:</arg>
<arg>${password}</arg>
<kw name="Replace String" library="String">
<var>${locator}</var>
<arg>${locator}</arg>
<arg>LABLE-NAME</arg>
<arg>${fieldName}</arg>
<doc>Replaces ``search_for`` in the given ``string`` with ``replace_with``.</doc>
<msg timestamp="20211223 15:10:52.633" level="INFO">${locator} = //font[contains(normalize-space(),'Password:')]//following::input[1]</msg>
<status status="PASS" starttime="20211223 15:10:52.633" endtime="20211223 15:10:52.633"/>
</kw>
<kw name="Wait Until Element Is Visible" library="SeleniumLibrary">
<arg>${locator}</arg>
<arg>${MED_WAIT}</arg>
<doc>Waits until the element ``locator`` is visible.</doc>
<status status="PASS" starttime="20211223 15:10:52.633" endtime="20211223 15:10:52.657"/>
</kw>
<kw name="Input Text" library="SeleniumLibrary">
<arg>${locator}</arg>
<arg>${inputText}</arg>
<doc>Types the given ``text`` into the text field identified by ``locator``.</doc>
<msg timestamp="20211223 15:10:52.658" level="INFO">Typing text 'bean' into text field '//font[contains(normalize-space(),'Password:')]//following::input[1]'.</msg>
<status status="PASS" starttime="20211223 15:10:52.657" endtime="20211223 15:10:52.742"/>
</kw>
<status status="PASS" starttime="20211223 15:10:52.632" endtime="20211223 15:10:52.742"/>
</kw>
<kw name="Click Submit Button" library="login_page">
<kw name="Wait Until Element Is Visible" library="SeleniumLibrary">
<arg>${lpLocator.submitBtn}</arg>
<arg>${MED_WAIT}</arg>
<doc>Waits until the element ``locator`` is visible.</doc>
<status status="PASS" starttime="20211223 15:10:52.743" endtime="20211223 15:10:52.760"/>
</kw>
<kw name="Click Element" library="SeleniumLibrary">
<arg>${lpLocator.submitBtn}</arg>
<doc>Click the element identified by ``locator``.</doc>
<msg timestamp="20211223 15:10:52.760" level="INFO">Clicking element '//input[@value='Submit']'.</msg>
<status status="PASS" starttime="20211223 15:10:52.760" endtime="20211223 15:10:54.617"/>
</kw>
<kw name="Wait Until Element Is Visible" library="SeleniumLibrary">
<arg>${lpLocator.welcomeMsg}</arg>
<arg>${MED_WAIT}</arg>
<doc>Waits until the element ``locator`` is visible.</doc>
<status status="PASS" starttime="20211223 15:10:54.618" endtime="20211223 15:10:54.643"/>
</kw>
<status status="PASS" starttime="20211223 15:10:52.743" endtime="20211223 15:10:54.643"/>
</kw>
<status status="PASS" starttime="20211223 15:10:52.507" endtime="20211223 15:10:54.643"/>
</kw>
<kw name="Common Teardown" library="propertyFile" type="TEARDOWN">
<kw name="Close All Browsers" library="SeleniumLibrary">
<doc>Closes all open browsers and resets the browser cache.</doc>
<status status="PASS" starttime="20211223 15:10:54.645" endtime="20211223 15:10:56.822"/>
</kw>
<status status="PASS" starttime="20211223 15:10:54.644" endtime="20211223 15:10:56.822"/>
</kw>
<tag>1</tag>
<status status="PASS" starttime="20211223 15:10:46.937" endtime="20211223 15:10:56.823"/>
</test>
<status status="PASS" starttime="20211223 15:10:46.407" endtime="20211223 15:10:56.825"/>
</suite>
<status status="PASS" starttime="20211223 15:10:46.405" endtime="20211223 15:10:56.828"/>
</suite>
<status status="PASS" starttime="20211223 15:10:46.387" endtime="20211223 15:10:56.831"/>
</suite>
<statistics>
<total>
<stat pass="1" fail="0" skip="0">All Tests</stat>
</total>
<tag>
<stat pass="1" fail="0" skip="0">1</stat>
</tag>
<suite>
<stat pass="1" fail="0" skip="0" id="s1" name="Tests">Tests</stat>
<stat pass="1" fail="0" skip="0" id="s1-s1" name="userLogin">Tests.userLogin</stat>
<stat pass="1" fail="0" skip="0" id="s1-s1-s1" name="loginTest">Tests.userLogin.loginTest</stat>
</suite>
</statistics>
<errors>
</errors>
</robot>
